15-04-2019 16:32:32->Evento: Inserito utente in Area Clienti BSide: Lizier Daniela  - daniela.liz13@gmail.com - 496057 - 23
16-04-2019 14:00:01->Evento: Aggiornati 0 come scaduti. - 
16-04-2019 14:30:01->Evento: Aggiornati 0 come scaduti. - 
16-04-2019 15:00:01->Evento: Aggiornati 0 come scaduti. - 
16-04-2019 15:30:01->Evento: Aggiornati 0 come scaduti. - 
16-04-2019 16:00:01->Evento: Aggiornati 0 come scaduti. - 
16-04-2019 16:30:01->Evento: Aggiornati 0 come scaduti. - 
16-04-2019 17:00:01->Evento: Aggiornati 0 come scaduti. - 
16-04-2019 17:30:01->Evento: Aggiornati 0 come scaduti. - 
16-04-2019 18:00:01->Evento: Aggiornati 0 come scaduti. - 
16-04-2019 18:30:01->Evento: Aggiornati 0 come scaduti. - 
16-04-2019 19:00:01->Evento: Aggiornati 0 come scaduti. - 
16-04-2019 19:30:01->Evento: Aggiornati 0 come scaduti. - 
16-04-2019 20:00:01->Evento: Aggiornati 0 come scaduti. - 
16-04-2019 20:30:01->Evento: Aggiornati 0 come scaduti. - 
16-04-2019 21:00:01->Evento: Aggiornati 0 come scaduti. - 
16-04-2019 21:30:01->Evento: Aggiornati 0 come scaduti. - 
16-04-2019 22:00:01->Evento: Aggiornati 0 come scaduti. - 
16-04-2019 22:30:01->Evento: Aggiornati 0 come scaduti. - 
16-04-2019 23:00:02->Evento: Aggiornati 0 come scaduti. - 
16-04-2019 23:00:02->Evento: Ingressi trovati: 
 - 
16-04-2019 23:30:01->Evento: Aggiornati 0 come scaduti. - 
17-04-2019 00:00:01->Evento: Aggiornati 0 come scaduti. - 
17-04-2019 00:30:01->Evento: Aggiornati 0 come scaduti. - 
17-04-2019 01:00:01->Evento: Aggiornati 0 come scaduti. - 
17-04-2019 01:30:01->Evento: Aggiornati 0 come scaduti. - 
17-04-2019 02:00:02->Evento: Aggiornati 0 come scaduti. - 
17-04-2019 02:30:01->Evento: Aggiornati 0 come scaduti. - 
17-04-2019 03:00:04->Evento: Aggiornati 0 come scaduti. - 
17-04-2019 03:30:01->Evento: Aggiornati 0 come scaduti. - 
17-04-2019 04:00:01->Evento: Aggiornati 0 come scaduti. - 
17-04-2019 04:30:02->Evento: Aggiornati 0 come scaduti. - 
17-04-2019 05:00:01->Evento: Aggiornati 0 come scaduti. - 
17-04-2019 05:30:01->Evento: Aggiornati 0 come scaduti. - 
17-04-2019 06:00:01->Evento: Aggiornati 0 come scaduti. - 
17-04-2019 06:30:01->Evento: Aggiornati 0 come scaduti. - 
17-04-2019 07:00:01->Evento: Aggiornati 0 come scaduti. - 
17-04-2019 07:30:01->Evento: Aggiornati 0 come scaduti. - 
17-04-2019 08:00:01->Evento: Aggiornati 0 come scaduti. - 
17-04-2019 08:30:01->Evento: Aggiornati 0 come scaduti. - 
17-04-2019 09:00:01->Evento: Aggiornati 0 come scaduti. - 
17-04-2019 09:30:01->Evento: Aggiornati 0 come scaduti. - 
17-04-2019 10:00:01->Evento: Aggiornati 0 come scaduti. - 
17-04-2019 10:30:01->Evento: Aggiornati 0 come scaduti. - 
17-04-2019 11:00:02->Evento: Aggiornati 0 come scaduti. - 
17-04-2019 11:30:01->Evento: Aggiornati 0 come scaduti. - 
17-04-2019 12:00:01->Evento: Aggiornati 0 come scaduti. - 
17-04-2019 12:30:01->Evento: Aggiornati 0 come scaduti. - 
17-04-2019 13:00:01->Evento: Aggiornati 0 come scaduti. - 
17-04-2019 13:30:01->Evento: Aggiornati 0 come scaduti. - 
17-04-2019 14:00:01->Evento: Aggiornati 0 come scaduti. - 
17-04-2019 14:30:01->Evento: Aggiornati 0 come scaduti. - 
17-04-2019 15:00:01->Evento: Aggiornati 0 come scaduti. - 
17-04-2019 15:30:01->Evento: Aggiornati 0 come scaduti. - 
17-04-2019 16:00:01->Evento: Aggiornati 0 come scaduti. - 
17-04-2019 16:30:01->Evento: Aggiornati 0 come scaduti. - 
17-04-2019 17:00:01->Evento: Aggiornati 0 come scaduti. - 
17-04-2019 17:30:01->Evento: Aggiornati 0 come scaduti. - 
17-04-2019 18:00:01->Evento: Aggiornati 0 come scaduti. - 
17-04-2019 18:30:01->Evento: Aggiornati 0 come scaduti. - 
17-04-2019 19:00:01->Evento: Aggiornati 0 come scaduti. - 
17-04-2019 19:30:01->Evento: Aggiornati 0 come scaduti. - 
17-04-2019 20:00:01->Evento: Aggiornati 0 come scaduti. - 
17-04-2019 20:30:01->Evento: Aggiornati 0 come scaduti. - 
17-04-2019 21:00:01->Evento: Aggiornati 0 come scaduti. - 
17-04-2019 21:30:01->Evento: Aggiornati 0 come scaduti. - 
17-04-2019 22:00:01->Evento: Aggiornati 0 come scaduti. - 
17-04-2019 22:30:01->Evento: Aggiornati 0 come scaduti. - 
17-04-2019 23:00:01->Evento: Aggiornati 0 come scaduti. - 
17-04-2019 23:00:01->Evento: Ingressi trovati: 
 - 
17-04-2019 23:30:01->Evento: Aggiornati 0 come scaduti. - 
18-04-2019 00:00:01->Evento: Aggiornati 0 come scaduti. - 
18-04-2019 00:30:01->Evento: Aggiornati 0 come scaduti. - 
18-04-2019 01:00:02->Evento: Aggiornati 0 come scaduti. - 
18-04-2019 01:30:01->Evento: Aggiornati 0 come scaduti. - 
18-04-2019 02:00:01->Evento: Aggiornati 0 come scaduti. - 
18-04-2019 02:30:01->Evento: Aggiornati 0 come scaduti. - 
18-04-2019 03:00:02->Evento: Aggiornati 0 come scaduti. - 
18-04-2019 03:30:01->Evento: Aggiornati 0 come scaduti. - 
18-04-2019 04:00:01->Evento: Aggiornati 0 come scaduti. - 
18-04-2019 04:30:01->Evento: Aggiornati 0 come scaduti. - 
18-04-2019 05:00:01->Evento: Aggiornati 0 come scaduti. - 
18-04-2019 05:30:01->Evento: Aggiornati 0 come scaduti. - 
18-04-2019 06:00:01->Evento: Aggiornati 0 come scaduti. - 
18-04-2019 06:30:01->Evento: Aggiornati 0 come scaduti. - 
18-04-2019 07:00:01->Evento: Aggiornati 0 come scaduti. - 
18-04-2019 07:30:01->Evento: Aggiornati 0 come scaduti. - 
18-04-2019 08:00:01->Evento: Aggiornati 0 come scaduti. - 
18-04-2019 08:30:02->Evento: Aggiornati 0 come scaduti. - 
18-04-2019 09:00:01->Evento: Aggiornati 0 come scaduti. - 
18-04-2019 09:30:01->Evento: Aggiornati 0 come scaduti. - 
18-04-2019 10:00:01->Evento: Aggiornati 0 come scaduti. - 
18-04-2019 10:30:01->Evento: Aggiornati 0 come scaduti. - 
18-04-2019 11:00:01->Evento: Aggiornati 0 come scaduti. - 
18-04-2019 11:30:01->Evento: Aggiornati 0 come scaduti. - 
18-04-2019 12:00:02->Evento: Aggiornati 0 come scaduti. - 
18-04-2019 12:30:01->Evento: Aggiornati 0 come scaduti. - 
18-04-2019 13:00:01->Evento: Aggiornati 0 come scaduti. - 
18-04-2019 13:30:01->Evento: Aggiornati 0 come scaduti. - 
18-04-2019 14:00:01->Evento: Aggiornati 0 come scaduti. - 
18-04-2019 14:30:01->Evento: Aggiornati 0 come scaduti. - 
18-04-2019 15:00:01->Evento: Aggiornati 0 come scaduti. - 
18-04-2019 15:30:02->Evento: Aggiornati 0 come scaduti. - 
18-04-2019 16:00:01->Evento: Aggiornati 0 come scaduti. - 
18-04-2019 16:30:01->Evento: Aggiornati 0 come scaduti. - 
18-04-2019 17:00:01->Evento: Aggiornati 0 come scaduti. - 
18-04-2019 17:30:01->Evento: Aggiornati 0 come scaduti. - 
18-04-2019 18:00:01->Evento: Aggiornati 0 come scaduti. - 
18-04-2019 18:30:01->Evento: Aggiornati 0 come scaduti. - 
18-04-2019 19:00:02->Evento: Aggiornati 0 come scaduti. - 
18-04-2019 19:30:01->Evento: Aggiornati 0 come scaduti. - 
18-04-2019 20:00:01->Evento: Aggiornati 0 come scaduti. - 
18-04-2019 20:30:01->Evento: Aggiornati 0 come scaduti. - 
18-04-2019 21:00:01->Evento: Aggiornati 0 come scaduti. - 
18-04-2019 21:30:01->Evento: Aggiornati 0 come scaduti. - 
18-04-2019 22:00:01->Evento: Aggiornati 0 come scaduti. - 
18-04-2019 22:30:01->Evento: Aggiornati 0 come scaduti. - 
18-04-2019 23:00:01->Evento: Aggiornati 0 come scaduti. - 
18-04-2019 23:00:02->Evento: Ingressi trovati: 
 - 
18-04-2019 23:30:01->Evento: Aggiornati 0 come scaduti. - 
19-04-2019 00:00:01->Evento: Aggiornati 0 come scaduti. - 
19-04-2019 00:30:01->Evento: Aggiornati 0 come scaduti. - 
19-04-2019 01:00:01->Evento: Aggiornati 0 come scaduti. - 
19-04-2019 01:30:01->Evento: Aggiornati 0 come scaduti. - 
19-04-2019 02:00:01->Evento: Aggiornati 0 come scaduti. - 
19-04-2019 02:30:01->Evento: Aggiornati 0 come scaduti. - 
19-04-2019 03:00:01->Evento: Aggiornati 0 come scaduti. - 
19-04-2019 03:30:01->Evento: Aggiornati 0 come scaduti. - 
19-04-2019 04:00:01->Evento: Aggiornati 0 come scaduti. - 
19-04-2019 04:30:01->Evento: Aggiornati 0 come scaduti. - 
19-04-2019 05:00:01->Evento: Aggiornati 0 come scaduti. - 
19-04-2019 05:30:01->Evento: Aggiornati 0 come scaduti. - 
19-04-2019 06:00:01->Evento: Aggiornati 0 come scaduti. - 
19-04-2019 06:30:01->Evento: Aggiornati 0 come scaduti. - 
19-04-2019 07:00:01->Evento: Aggiornati 0 come scaduti. - 
19-04-2019 07:30:01->Evento: Aggiornati 0 come scaduti. - 
19-04-2019 08:00:01->Evento: Aggiornati 0 come scaduti. - 
19-04-2019 08:30:01->Evento: Aggiornati 0 come scaduti. - 
19-04-2019 09:00:01->Evento: Aggiornati 0 come scaduti. - 
19-04-2019 09:30:01->Evento: Aggiornati 0 come scaduti. - 
19-04-2019 10:00:01->Evento: Aggiornati 0 come scaduti. - 
19-04-2019 10:30:01->Evento: Aggiornati 0 come scaduti. - 
19-04-2019 11:00:01->Evento: Aggiornati 0 come scaduti. - 
19-04-2019 11:30:01->Evento: Aggiornati 0 come scaduti. - 
19-04-2019 12:00:01->Evento: Aggiornati 0 come scaduti. - 
19-04-2019 12:30:01->Evento: Aggiornati 0 come scaduti. - 
19-04-2019 13:00:01->Evento: Aggiornati 0 come scaduti. - 
19-04-2019 13:30:01->Evento: Aggiornati 0 come scaduti. - 
19-04-2019 14:00:01->Evento: Aggiornati 0 come scaduti. - 
19-04-2019 14:30:01->Evento: Aggiornati 0 come scaduti. - 
19-04-2019 15:00:01->Evento: Aggiornati 0 come scaduti. - 
19-04-2019 15:30:01->Evento: Aggiornati 0 come scaduti. - 
19-04-2019 16:00:01->Evento: Aggiornati 0 come scaduti. - 
19-04-2019 16:30:01->Evento: Aggiornati 0 come scaduti. - 
19-04-2019 17:00:01->Evento: Aggiornati 0 come scaduti. - 
19-04-2019 17:30:01->Evento: Aggiornati 0 come scaduti. - 
19-04-2019 18:00:01->Evento: Aggiornati 0 come scaduti. - 
19-04-2019 18:30:01->Evento: Aggiornati 0 come scaduti. - 
19-04-2019 19:00:01->Evento: Aggiornati 0 come scaduti. - 
19-04-2019 19:30:01->Evento: Aggiornati 0 come scaduti. - 
19-04-2019 20:00:01->Evento: Aggiornati 0 come scaduti. - 
19-04-2019 20:30:01->Evento: Aggiornati 0 come scaduti. - 
19-04-2019 21:00:01->Evento: Aggiornati 0 come scaduti. - 
19-04-2019 21:30:01->Evento: Aggiornati 0 come scaduti. - 
19-04-2019 22:00:01->Evento: Aggiornati 0 come scaduti. - 
19-04-2019 22:30:01->Evento: Aggiornati 0 come scaduti. - 
19-04-2019 23:00:01->Evento: Aggiornati 0 come scaduti. - 
19-04-2019 23:00:01->Evento: Ingressi trovati: 
 - 
19-04-2019 23:30:01->Evento: Aggiornati 0 come scaduti. - 
20-04-2019 00:00:01->Evento: Aggiornati 0 come scaduti. - 
20-04-2019 00:30:01->Evento: Aggiornati 0 come scaduti. - 
20-04-2019 01:00:01->Evento: Aggiornati 0 come scaduti. - 
20-04-2019 01:30:02->Evento: Aggiornati 0 come scaduti. - 
20-04-2019 02:00:01->Evento: Aggiornati 0 come scaduti. - 
20-04-2019 02:30:01->Evento: Aggiornati 0 come scaduti. - 
20-04-2019 03:00:01->Evento: Aggiornati 0 come scaduti. - 
20-04-2019 03:30:01->Evento: Aggiornati 0 come scaduti. - 
20-04-2019 04:00:01->Evento: Aggiornati 0 come scaduti. - 
20-04-2019 04:30:01->Evento: Aggiornati 0 come scaduti. - 
20-04-2019 05:00:01->Evento: Aggiornati 0 come scaduti. - 
20-04-2019 05:30:01->Evento: Aggiornati 0 come scaduti. - 
20-04-2019 06:00:01->Evento: Aggiornati 0 come scaduti. - 
20-04-2019 06:30:01->Evento: Aggiornati 0 come scaduti. - 
20-04-2019 07:00:01->Evento: Aggiornati 0 come scaduti. - 
20-04-2019 07:30:01->Evento: Aggiornati 0 come scaduti. - 
20-04-2019 08:00:01->Evento: Aggiornati 0 come scaduti. - 
20-04-2019 08:30:01->Evento: Aggiornati 0 come scaduti. - 
20-04-2019 09:00:01->Evento: Aggiornati 0 come scaduti. - 
20-04-2019 09:30:01->Evento: Aggiornati 0 come scaduti. - 
20-04-2019 10:00:01->Evento: Aggiornati 0 come scaduti. - 
20-04-2019 10:30:01->Evento: Aggiornati 0 come scaduti. - 
20-04-2019 11:00:01->Evento: Aggiornati 0 come scaduti. - 
20-04-2019 11:30:01->Evento: Aggiornati 0 come scaduti. - 
20-04-2019 12:00:01->Evento: Aggiornati 0 come scaduti. - 
20-04-2019 12:30:01->Evento: Aggiornati 0 come scaduti. - 
20-04-2019 13:00:01->Evento: Aggiornati 0 come scaduti. - 
20-04-2019 13:30:01->Evento: Aggiornati 0 come scaduti. - 
20-04-2019 14:00:02->Evento: Aggiornati 0 come scaduti. - 
20-04-2019 14:30:01->Evento: Aggiornati 0 come scaduti. - 
20-04-2019 15:00:01->Evento: Aggiornati 0 come scaduti. - 
20-04-2019 15:30:01->Evento: Aggiornati 0 come scaduti. - 
20-04-2019 16:00:01->Evento: Aggiornati 0 come scaduti. - 
20-04-2019 16:30:01->Evento: Aggiornati 0 come scaduti. - 
20-04-2019 17:00:01->Evento: Aggiornati 0 come scaduti. - 
20-04-2019 17:30:02->Evento: Aggiornati 0 come scaduti. - 
20-04-2019 18:00:01->Evento: Aggiornati 0 come scaduti. - 
20-04-2019 18:30:01->Evento: Aggiornati 0 come scaduti. - 
20-04-2019 19:00:01->Evento: Aggiornati 0 come scaduti. - 
20-04-2019 19:30:01->Evento: Aggiornati 0 come scaduti. - 
20-04-2019 20:00:01->Evento: Aggiornati 0 come scaduti. - 
20-04-2019 20:30:01->Evento: Aggiornati 0 come scaduti. - 
20-04-2019 21:00:01->Evento: Aggiornati 0 come scaduti. - 
20-04-2019 21:30:01->Evento: Aggiornati 0 come scaduti. - 
20-04-2019 22:00:01->Evento: Aggiornati 0 come scaduti. - 
20-04-2019 22:30:01->Evento: Aggiornati 0 come scaduti. - 
20-04-2019 23:00:01->Evento: Aggiornati 0 come scaduti. - 
20-04-2019 23:00:02->Evento: Ingressi trovati: 
 - 
20-04-2019 23:30:01->Evento: Aggiornati 0 come scaduti. - 
21-04-2019 00:00:01->Evento: Aggiornati 0 come scaduti. - 
21-04-2019 00:30:01->Evento: Aggiornati 0 come scaduti. - 
21-04-2019 01:00:01->Evento: Aggiornati 0 come scaduti. - 
21-04-2019 01:30:01->Evento: Aggiornati 0 come scaduti. - 
21-04-2019 02:00:01->Evento: Aggiornati 0 come scaduti. - 
21-04-2019 02:30:02->Evento: Aggiornati 0 come scaduti. - 
21-04-2019 03:00:01->Evento: Aggiornati 0 come scaduti. - 
21-04-2019 03:30:01->Evento: Aggiornati 0 come scaduti. - 
21-04-2019 04:00:01->Evento: Aggiornati 0 come scaduti. - 
21-04-2019 04:30:01->Evento: Aggiornati 0 come scaduti. - 
21-04-2019 05:00:01->Evento: Aggiornati 0 come scaduti. - 
21-04-2019 05:30:01->Evento: Aggiornati 0 come scaduti. - 
21-04-2019 06:00:02->Evento: Aggiornati 0 come scaduti. - 
21-04-2019 06:30:01->Evento: Aggiornati 0 come scaduti. - 
21-04-2019 07:00:01->Evento: Aggiornati 0 come scaduti. - 
21-04-2019 07:30:01->Evento: Aggiornati 0 come scaduti. - 
21-04-2019 08:00:01->Evento: Aggiornati 0 come scaduti. - 
21-04-2019 08:30:01->Evento: Aggiornati 0 come scaduti. - 
21-04-2019 09:00:01->Evento: Aggiornati 0 come scaduti. - 
21-04-2019 09:30:02->Evento: Aggiornati 0 come scaduti. - 
21-04-2019 10:00:01->Evento: Aggiornati 0 come scaduti. - 
21-04-2019 10:30:01->Evento: Aggiornati 0 come scaduti. - 
21-04-2019 11:00:01->Evento: Aggiornati 0 come scaduti. - 
21-04-2019 11:30:01->Evento: Aggiornati 0 come scaduti. - 
21-04-2019 12:00:01->Evento: Aggiornati 0 come scaduti. - 
21-04-2019 12:30:01->Evento: Aggiornati 0 come scaduti. - 
21-04-2019 13:00:01->Evento: Aggiornati 0 come scaduti. - 
21-04-2019 13:30:01->Evento: Aggiornati 0 come scaduti. - 
21-04-2019 14:00:01->Evento: Aggiornati 0 come scaduti. - 
21-04-2019 14:30:01->Evento: Aggiornati 0 come scaduti. - 
21-04-2019 15:00:01->Evento: Aggiornati 0 come scaduti. - 
21-04-2019 15:30:01->Evento: Aggiornati 0 come scaduti. - 
21-04-2019 16:00:01->Evento: Aggiornati 0 come scaduti. - 
21-04-2019 16:30:01->Evento: Aggiornati 0 come scaduti. - 
21-04-2019 17:00:01->Evento: Aggiornati 0 come scaduti. - 
21-04-2019 17:30:01->Evento: Aggiornati 0 come scaduti. - 
21-04-2019 18:00:01->Evento: Aggiornati 0 come scaduti. - 
21-04-2019 18:30:01->Evento: Aggiornati 0 come scaduti. - 
21-04-2019 19:00:01->Evento: Aggiornati 0 come scaduti. - 
21-04-2019 19:30:01->Evento: Aggiornati 0 come scaduti. - 
21-04-2019 20:00:01->Evento: Aggiornati 0 come scaduti. - 
21-04-2019 20:30:01->Evento: Aggiornati 0 come scaduti. - 
21-04-2019 21:00:01->Evento: Aggiornati 0 come scaduti. - 
21-04-2019 21:30:01->Evento: Aggiornati 0 come scaduti. - 
21-04-2019 22:00:01->Evento: Aggiornati 0 come scaduti. - 
21-04-2019 22:30:01->Evento: Aggiornati 0 come scaduti. - 
21-04-2019 23:00:01->Evento: Aggiornati 0 come scaduti. - 
21-04-2019 23:00:02->Evento: Ingressi trovati: 
 - 
21-04-2019 23:30:01->Evento: Aggiornati 0 come scaduti. - 
22-04-2019 00:00:01->Evento: Aggiornati 0 come scaduti. - 
22-04-2019 00:30:01->Evento: Aggiornati 0 come scaduti. - 
22-04-2019 01:00:01->Evento: Aggiornati 0 come scaduti. - 
22-04-2019 01:30:01->Evento: Aggiornati 0 come scaduti. - 
22-04-2019 02:00:01->Evento: Aggiornati 0 come scaduti. - 
22-04-2019 02:30:01->Evento: Aggiornati 0 come scaduti. - 
22-04-2019 03:00:01->Evento: Aggiornati 0 come scaduti. - 
22-04-2019 03:30:01->Evento: Aggiornati 0 come scaduti. - 
22-04-2019 04:00:01->Evento: Aggiornati 0 come scaduti. - 
22-04-2019 04:30:01->Evento: Aggiornati 0 come scaduti. - 
22-04-2019 05:00:01->Evento: Aggiornati 0 come scaduti. - 
22-04-2019 05:30:01->Evento: Aggiornati 0 come scaduti. - 
22-04-2019 06:00:01->Evento: Aggiornati 0 come scaduti. - 
22-04-2019 06:30:01->Evento: Aggiornati 0 come scaduti. - 
22-04-2019 07:00:01->Evento: Aggiornati 0 come scaduti. - 
22-04-2019 07:30:01->Evento: Aggiornati 0 come scaduti. - 
22-04-2019 08:00:01->Evento: Aggiornati 0 come scaduti. - 
22-04-2019 08:30:01->Evento: Aggiornati 0 come scaduti. - 
22-04-2019 09:00:01->Evento: Aggiornati 0 come scaduti. - 
22-04-2019 09:00:05->Evento: Inviata correttamente email di informazioni contrattuali a: ilaria_gianni@yahoo.it - 
22-04-2019 09:00:06->Evento: Inviata la mail interna con lo stato dei contratti BSide in scadenza - 
22-04-2019 09:00:06->Evento: Impossibile inviare email contratti scaduti. Errore: SMTP connect() failed. https://github.com/PHPMailer/PHPMailer/wiki/Troubleshooting - 
22-04-2019 09:00:08->Evento: Inviata correttamente email di informazioni contrattuali a: daniela.liz13@gmail.com - 
22-04-2019 09:00:12->Evento: Inviata correttamente email di informazioni contrattuali a: annamariadileo@live.it - 
22-04-2019 09:00:17->Evento: Inviata correttamente email di informazioni contrattuali a: imarcantoni@libero.it - 
22-04-2019 09:00:19->Evento: Inviata correttamente email di informazioni contrattuali a: gtecra@gmail.com - 
22-04-2019 09:00:22->Evento: Inviata correttamente email di informazioni contrattuali a: alberto.milvio@a-milvio.com - 
22-04-2019 09:00:24->Evento: Inviata correttamente email di informazioni contrattuali a: benvenuto.alfieri@s4m.io - 
22-04-2019 09:00:27->Evento: Inviata correttamente email di informazioni contrattuali a: info.translationpro@gmail.com - 
22-04-2019 09:00:29->Evento: Inviata correttamente email di informazioni contrattuali a: ericamuraca1984@gmail.com - 
22-04-2019 09:00:31->Evento: Inviata correttamente email di stato dei contratti. - 
22-04-2019 09:30:01->Evento: Aggiornati 0 come scaduti. - 
22-04-2019 10:00:01->Evento: Aggiornati 0 come scaduti. - 
22-04-2019 10:30:01->Evento: Aggiornati 0 come scaduti. - 
22-04-2019 11:00:01->Evento: Aggiornati 0 come scaduti. - 
22-04-2019 11:30:01->Evento: Aggiornati 0 come scaduti. - 
22-04-2019 12:00:01->Evento: Aggiornati 0 come scaduti. - 
22-04-2019 12:30:01->Evento: Aggiornati 0 come scaduti. - 
22-04-2019 13:00:01->Evento: Aggiornati 0 come scaduti. - 
22-04-2019 13:30:01->Evento: Aggiornati 0 come scaduti. - 
22-04-2019 14:00:01->Evento: Aggiornati 0 come scaduti. - 
22-04-2019 14:30:01->Evento: Aggiornati 0 come scaduti. - 
22-04-2019 15:00:01->Evento: Aggiornati 0 come scaduti. - 
22-04-2019 15:30:01->Evento: Aggiornati 0 come scaduti. - 
22-04-2019 16:00:01->Evento: Aggiornati 0 come scaduti. - 
22-04-2019 16:30:01->Evento: Aggiornati 0 come scaduti. - 
22-04-2019 17:00:01->Evento: Aggiornati 0 come scaduti. - 
22-04-2019 17:30:01->Evento: Aggiornati 0 come scaduti. - 
22-04-2019 18:00:01->Evento: Aggiornati 0 come scaduti. - 
22-04-2019 18:30:01->Evento: Aggiornati 0 come scaduti. - 
22-04-2019 19:00:01->Evento: Aggiornati 0 come scaduti. - 
22-04-2019 19:30:01->Evento: Aggiornati 0 come scaduti. - 
22-04-2019 20:00:01->Evento: Aggiornati 0 come scaduti. - 
22-04-2019 20:30:01->Evento: Aggiornati 0 come scaduti. - 
22-04-2019 21:00:01->Evento: Aggiornati 0 come scaduti. - 
22-04-2019 21:30:01->Evento: Aggiornati 0 come scaduti. - 
22-04-2019 22:00:02->Evento: Aggiornati 0 come scaduti. - 
22-04-2019 22:30:01->Evento: Aggiornati 0 come scaduti. - 
22-04-2019 23:00:01->Evento: Aggiornati 0 come scaduti. - 
22-04-2019 23:00:01->Evento: Ingressi trovati: 
 - 
22-04-2019 23:30:01->Evento: Aggiornati 0 come scaduti. - 
23-04-2019 00:00:01->Evento: Aggiornati 1 come scaduti. - 
23-04-2019 00:30:01->Evento: Aggiornati 0 come scaduti. - 
23-04-2019 01:00:01->Evento: Aggiornati 0 come scaduti. - 
23-04-2019 01:30:01->Evento: Aggiornati 0 come scaduti. - 
23-04-2019 02:00:01->Evento: Aggiornati 0 come scaduti. - 
23-04-2019 02:30:01->Evento: Aggiornati 0 come scaduti. - 
23-04-2019 03:00:01->Evento: Aggiornati 0 come scaduti. - 
23-04-2019 03:30:01->Evento: Aggiornati 0 come scaduti. - 
23-04-2019 04:00:02->Evento: Aggiornati 0 come scaduti. - 
23-04-2019 04:30:01->Evento: Aggiornati 0 come scaduti. - 
23-04-2019 05:00:01->Evento: Aggiornati 0 come scaduti. - 
23-04-2019 05:30:01->Evento: Aggiornati 0 come scaduti. - 
23-04-2019 06:00:01->Evento: Aggiornati 0 come scaduti. - 
23-04-2019 06:30:01->Evento: Aggiornati 0 come scaduti. - 
23-04-2019 07:00:02->Evento: Aggiornati 0 come scaduti. - 
23-04-2019 07:30:01->Evento: Aggiornati 0 come scaduti. - 
23-04-2019 08:00:01->Evento: Aggiornati 0 come scaduti. - 
23-04-2019 08:30:01->Evento: Aggiornati 0 come scaduti. - 
23-04-2019 09:00:01->Evento: Aggiornati 0 come scaduti. - 
23-04-2019 09:30:01->Evento: Aggiornati 0 come scaduti. - 
23-04-2019 10:00:01->Evento: Aggiornati 0 come scaduti. - 
23-04-2019 10:30:01->Evento: Aggiornati 0 come scaduti. - 
23-04-2019 11:00:01->Evento: Aggiornati 0 come scaduti. - 
23-04-2019 11:30:01->Evento: Aggiornati 0 come scaduti. - 
23-04-2019 12:00:01->Evento: Aggiornati 0 come scaduti. - 
23-04-2019 12:30:01->Evento: Aggiornati 0 come scaduti. - 
23-04-2019 13:00:01->Evento: Aggiornati 0 come scaduti. - 
23-04-2019 13:30:01->Evento: Aggiornati 0 come scaduti. - 
23-04-2019 14:00:01->Evento: Aggiornati 0 come scaduti. - 
23-04-2019 14:30:01->Evento: Aggiornati 0 come scaduti. - 
23-04-2019 15:00:01->Evento: Aggiornati 0 come scaduti. - 
23-04-2019 15:30:01->Evento: Aggiornati 0 come scaduti. - 
23-04-2019 16:00:01->Evento: Aggiornati 0 come scaduti. - 
23-04-2019 16:30:01->Evento: Aggiornati 0 come scaduti. - 
23-04-2019 17:00:01->Evento: Aggiornati 0 come scaduti. - 
23-04-2019 17:30:01->Evento: Aggiornati 0 come scaduti. - 
23-04-2019 18:00:01->Evento: Aggiornati 0 come scaduti. - 
23-04-2019 18:30:01->Evento: Aggiornati 0 come scaduti. - 
23-04-2019 19:00:01->Evento: Aggiornati 0 come scaduti. - 
23-04-2019 19:30:01->Evento: Aggiornati 0 come scaduti. - 
23-04-2019 20:00:01->Evento: Aggiornati 0 come scaduti. - 
23-04-2019 20:30:01->Evento: Aggiornati 0 come scaduti. - 
23-04-2019 21:00:01->Evento: Aggiornati 0 come scaduti. - 
23-04-2019 21:30:01->Evento: Aggiornati 0 come scaduti. - 
23-04-2019 22:00:01->Evento: Aggiornati 0 come scaduti. - 
23-04-2019 22:30:01->Evento: Aggiornati 0 come scaduti. - 
23-04-2019 23:00:02->Evento: Aggiornati 0 come scaduti. - 
23-04-2019 23:00:02->Evento: Ingressi trovati: 
 - 
23-04-2019 23:30:01->Evento: Aggiornati 0 come scaduti. - 
24-04-2019 00:00:01->Evento: Aggiornati 0 come scaduti. - 
24-04-2019 00:30:01->Evento: Aggiornati 0 come scaduti. - 
24-04-2019 01:00:01->Evento: Aggiornati 0 come scaduti. - 
24-04-2019 01:30:01->Evento: Aggiornati 0 come scaduti. - 
24-04-2019 02:00:02->Evento: Aggiornati 0 come scaduti. - 
24-04-2019 02:30:01->Evento: Aggiornati 0 come scaduti. - 
24-04-2019 03:00:01->Evento: Aggiornati 0 come scaduti. - 
24-04-2019 03:30:01->Evento: Aggiornati 0 come scaduti. - 
24-04-2019 04:00:01->Evento: Aggiornati 0 come scaduti. - 
24-04-2019 04:30:01->Evento: Aggiornati 0 come scaduti. - 
24-04-2019 05:00:01->Evento: Aggiornati 0 come scaduti. - 
24-04-2019 05:30:01->Evento: Aggiornati 0 come scaduti. - 
24-04-2019 06:00:01->Evento: Aggiornati 0 come scaduti. - 
24-04-2019 06:30:01->Evento: Aggiornati 0 come scaduti. - 
24-04-2019 07:00:01->Evento: Aggiornati 0 come scaduti. - 
24-04-2019 07:30:01->Evento: Aggiornati 0 come scaduti. - 
24-04-2019 08:00:01->Evento: Aggiornati 0 come scaduti. - 
24-04-2019 08:30:01->Evento: Aggiornati 0 come scaduti. - 
24-04-2019 09:00:01->Evento: Aggiornati 0 come scaduti. - 
24-04-2019 09:30:01->Evento: Aggiornati 0 come scaduti. - 
24-04-2019 10:00:01->Evento: Aggiornati 0 come scaduti. - 
24-04-2019 10:30:01->Evento: Aggiornati 0 come scaduti. - 
24-04-2019 11:00:02->Evento: Aggiornati 0 come scaduti. - 
24-04-2019 11:30:01->Evento: Aggiornati 0 come scaduti. - 
24-04-2019 12:00:01->Evento: Aggiornati 0 come scaduti. - 
24-04-2019 12:30:01->Evento: Aggiornati 0 come scaduti. - 
